<?xml version="1.0" encoding="UTF-8"?>
<testsuite xmlns:xsi="http://www.w3.org/2001/XMLSchema-instance" xsi:noNamespaceSchemaLocation="https://maven.apache.org/surefire/maven-surefire-plugin/xsd/surefire-test-report-3.0.xsd" version="3.0" name="com.example.CSVReaderTest" time="1.313" tests="3" errors="0" skipped="0" failures="0">
  <properties>
[...]
</properties>
  <testcase name="testGetRecordByOBJECTID" classname="com.example.CSVReaderTest" time="0.275"/>
  <testcase name="testInvalidOBJECTID" classname="com.example.CSVReaderTest" time="0.238">
    <system-out><![CDATA[Object ID not found!
]]></system-out>
  </testcase>
  <testcase name="testReadCSV" classname="com.example.CSVReaderTest" time="0.796"/>
</testsuite>